<?xml version="1.0" encoding="UTF-8"?>
<coverage generated="1545145443248" clover="3.2.0">
  <project timestamp="1545145443248" name="All files">
    <metrics statements="148" coveredstatements="6" conditionals="308" coveredconditionals="0" methods="51" coveredmethods="0" elements="507" coveredelements="6" complexity="0" loc="148" ncloc="148" packages="7" files="15" classes="15">
      <package name="echarts">
        <metrics statements="2" coveredstatements="0" conditionals="0" coveredconditionals="0" methods="0" coveredmethods="0"/>
        <file name="babel.config.js" path="C:\Users\yang\Documents\编程\workshop1——vue\echarts\babel.config.js">
          <metrics statements="1" coveredstatements="0" conditionals="0" coveredconditionals="0" methods="0" coveredmethods="0"/>
          <line num="1" count="0" type="stmt"/>
        </file>
        <file name="jest.config.js" path="C:\Users\yang\Documents\编程\workshop1——vue\echarts\jest.config.js">
          <metrics statements="1" coveredstatements="0" conditionals="0" coveredconditionals="0" methods="0" coveredmethods="0"/>
          <line num="1" count="0" type="stmt"/>
        </file>
      </package>
      <package name="echarts.coverage.lcov-report">
        <metrics statements="78" coveredstatements="0" conditionals="306" coveredconditionals="0" methods="46" coveredmethods="0"/>
        <file name="prettify.js" path="C:\Users\yang\Documents\编程\workshop1——vue\echarts\coverage\lcov-report\prettify.js">
          <metrics statements="1" coveredstatements="0" conditionals="284" coveredconditionals="0" methods="29" coveredmethods="0"/>
          <line num="1" count="0" type="cond" truecount="0" falsecount="284"/>
        </file>
        <file name="sorter.js" path="C:\Users\yang\Documents\编程\workshop1——vue\echarts\coverage\lcov-report\sorter.js">
          <metrics statements="77" coveredstatements="0" conditionals="22" coveredconditionals="0" methods="17" coveredmethods="0"/>
          <line num="1" count="0" type="stmt"/>
          <line num="4" count="0" type="stmt"/>
          <line num="10" count="0" type="stmt"/>
          <line num="12" count="0" type="stmt"/>
          <line num="14" count="0" type="stmt"/>
          <line num="16" count="0" type="stmt"/>
          <line num="20" count="0" type="stmt"/>
          <line num="22" count="0" type="stmt"/>
          <line num="26" count="0" type="stmt"/>
          <line num="27" count="0" type="stmt"/>
          <line num="28" count="0" type="stmt"/>
          <line num="33" count="0" type="stmt"/>
          <line num="34" count="0" type="cond" truecount="0" falsecount="2"/>
          <line num="35" count="0" type="stmt"/>
          <line num="36" count="0" type="stmt"/>
          <line num="39" count="0" type="stmt"/>
          <line num="44" count="0" type="stmt"/>
          <line num="47" count="0" type="stmt"/>
          <line num="50" count="0" type="stmt"/>
          <line num="51" count="0" type="stmt"/>
          <line num="52" count="0" type="stmt"/>
          <line num="53" count="0" type="stmt"/>
          <line num="54" count="0" type="cond" truecount="0" falsecount="2"/>
          <line num="55" count="0" type="stmt"/>
          <line num="57" count="0" type="stmt"/>
          <line num="59" count="0" type="stmt"/>
          <line num="63" count="0" type="stmt"/>
          <line num="66" count="0" type="stmt"/>
          <line num="67" count="0" type="stmt"/>
          <line num="72" count="0" type="stmt"/>
          <line num="73" count="0" type="stmt"/>
          <line num="74" count="0" type="stmt"/>
          <line num="75" count="0" type="stmt"/>
          <line num="76" count="0" type="cond" truecount="0" falsecount="4"/>
          <line num="78" count="0" type="stmt"/>
          <line num="79" count="0" type="stmt"/>
          <line num="80" count="0" type="stmt"/>
          <line num="81" count="0" type="stmt"/>
          <line num="84" count="0" type="cond" truecount="0" falsecount="2"/>
          <line num="85" count="0" type="stmt"/>
          <line num="86" count="0" type="stmt"/>
          <line num="90" count="0" type="stmt"/>
          <line num="91" count="0" type="stmt"/>
          <line num="92" count="0" type="stmt"/>
          <line num="95" count="0" type="stmt"/>
          <line num="97" count="0" type="stmt"/>
          <line num="98" count="0" type="stmt"/>
          <line num="103" count="0" type="stmt"/>
          <line num="104" count="0" type="stmt"/>
          <line num="106" count="0" type="stmt"/>
          <line num="107" count="0" type="stmt"/>
          <line num="111" count="0" type="cond" truecount="0" falsecount="2"/>
          <line num="117" count="0" type="stmt"/>
          <line num="118" count="0" type="stmt"/>
          <line num="120" count="0" type="stmt"/>
          <line num="121" count="0" type="stmt"/>
          <line num="123" count="0" type="cond" truecount="0" falsecount="2"/>
          <line num="124" count="0" type="stmt"/>
          <line num="126" count="0" type="stmt"/>
          <line num="127" count="0" type="stmt"/>
          <line num="128" count="0" type="stmt"/>
          <line num="129" count="0" type="stmt"/>
          <line num="130" count="0" type="stmt"/>
          <line num="133" count="0" type="stmt"/>
          <line num="134" count="0" type="cond" truecount="0" falsecount="2"/>
          <line num="137" count="0" type="stmt"/>
          <line num="138" count="0" type="cond" truecount="0" falsecount="2"/>
          <line num="139" count="0" type="stmt"/>
          <line num="141" count="0" type="stmt"/>
          <line num="147" count="0" type="stmt"/>
          <line num="148" count="0" type="cond" truecount="0" falsecount="2"/>
          <line num="149" count="0" type="stmt"/>
          <line num="151" count="0" type="stmt"/>
          <line num="152" count="0" type="stmt"/>
          <line num="153" count="0" type="stmt"/>
          <line num="154" count="0" type="stmt"/>
          <line num="158" count="0" type="stmt"/>
        </file>
      </package>
      <package name="echarts.src">
        <metrics statements="24" coveredstatements="5" conditionals="2" coveredconditionals="0" methods="1" coveredmethods="0"/>
        <file name="App.vue" path="C:\Users\yang\Documents\编程\workshop1——vue\echarts\src\App.vue">
          <metrics statements="10" coveredstatements="5" conditionals="2" coveredconditionals="0" methods="0" coveredmethods="0"/>
          <line num="13" count="1" type="stmt"/>
          <line num="14" count="1" type="stmt"/>
          <line num="15" count="1" type="stmt"/>
          <line num="25" count="1" type="stmt"/>
          <line num="33" count="0" type="cond" truecount="0" falsecount="2"/>
          <line num="34" count="0" type="stmt"/>
          <line num="35" count="0" type="stmt"/>
          <line num="37" count="0" type="stmt"/>
          <line num="38" count="0" type="stmt"/>
          <line num="42" count="1" type="stmt"/>
        </file>
        <file name="main.js" path="C:\Users\yang\Documents\编程\workshop1——vue\echarts\src\main.js">
          <metrics statements="11" coveredstatements="0" conditionals="0" coveredconditionals="0" methods="1" coveredmethods="0"/>
          <line num="1" count="0" type="stmt"/>
          <line num="2" count="0" type="stmt"/>
          <line num="3" count="0" type="stmt"/>
          <line num="4" count="0" type="stmt"/>
          <line num="5" count="0" type="stmt"/>
          <line num="6" count="0" type="stmt"/>
          <line num="7" count="0" type="stmt"/>
          <line num="9" count="0" type="stmt"/>
          <line num="10" count="0" type="stmt"/>
          <line num="12" count="0" type="stmt"/>
          <line num="15" count="0" type="stmt"/>
        </file>
        <file name="store.js" path="C:\Users\yang\Documents\编程\workshop1——vue\echarts\src\store.js">
          <metrics statements="3" coveredstatements="0" conditionals="0" coveredconditionals="0" methods="0" coveredmethods="0"/>
          <line num="1" count="0" type="stmt"/>
          <line num="2" count="0" type="stmt"/>
          <line num="4" count="0" type="stmt"/>
        </file>
      </package>
      <package name="echarts.src.components">
        <metrics statements="3" coveredstatements="1" conditionals="0" coveredconditionals="0" methods="0" coveredmethods="0"/>
        <file name="Sidebar.vue" path="C:\Users\yang\Documents\编程\workshop1——vue\echarts\src\components\Sidebar.vue">
          <metrics statements="1" coveredstatements="0" conditionals="0" coveredconditionals="0" methods="0" coveredmethods="0"/>
          <line num="14" count="0" type="stmt"/>
        </file>
        <file name="SidebarList.vue" path="C:\Users\yang\Documents\编程\workshop1——vue\echarts\src\components\SidebarList.vue">
          <metrics statements="1" coveredstatements="0" conditionals="0" coveredconditionals="0" methods="0" coveredmethods="0"/>
          <line num="37" count="0" type="stmt"/>
        </file>
        <file name="Topbar.vue" path="C:\Users\yang\Documents\编程\workshop1——vue\echarts\src\components\Topbar.vue">
          <metrics statements="1" coveredstatements="1" conditionals="0" coveredconditionals="0" methods="0" coveredmethods="0"/>
          <line num="15" count="1" type="stmt"/>
        </file>
      </package>
      <package name="echarts.src.router">
        <metrics statements="9" coveredstatements="0" conditionals="0" coveredconditionals="0" methods="0" coveredmethods="0"/>
        <file name="index.js" path="C:\Users\yang\Documents\编程\workshop1——vue\echarts\src\router\index.js">
          <metrics statements="9" coveredstatements="0" conditionals="0" coveredconditionals="0" methods="0" coveredmethods="0"/>
          <line num="1" count="0" type="stmt"/>
          <line num="2" count="0" type="stmt"/>
          <line num="3" count="0" type="stmt"/>
          <line num="4" count="0" type="stmt"/>
          <line num="5" count="0" type="stmt"/>
          <line num="6" count="0" type="stmt"/>
          <line num="7" count="0" type="stmt"/>
          <line num="8" count="0" type="stmt"/>
          <line num="10" count="0" type="stmt"/>
        </file>
      </package>
      <package name="echarts.src.views">
        <metrics statements="24" coveredstatements="0" conditionals="0" coveredconditionals="0" methods="3" coveredmethods="0"/>
        <file name="Category2Test1.vue" path="C:\Users\yang\Documents\编程\workshop1——vue\echarts\src\views\Category2Test1.vue">
          <metrics statements="18" coveredstatements="0" conditionals="0" coveredconditionals="0" methods="2" coveredmethods="0"/>
          <line num="7" count="0" type="stmt"/>
          <line num="10" count="0" type="stmt"/>
          <line num="12" count="0" type="stmt"/>
          <line num="13" count="0" type="stmt"/>
          <line num="14" count="0" type="stmt"/>
          <line num="15" count="0" type="stmt"/>
          <line num="20" count="0" type="stmt"/>
          <line num="22" count="0" type="stmt"/>
          <line num="23" count="0" type="stmt"/>
          <line num="24" count="0" type="stmt"/>
          <line num="26" count="0" type="stmt"/>
          <line num="28" count="0" type="stmt"/>
          <line num="29" count="0" type="stmt"/>
          <line num="30" count="0" type="stmt"/>
          <line num="31" count="0" type="stmt"/>
          <line num="34" count="0" type="stmt"/>
          <line num="38" count="0" type="stmt"/>
          <line num="105" count="0" type="stmt"/>
        </file>
        <file name="Category2Test2.vue" path="C:\Users\yang\Documents\编程\workshop1——vue\echarts\src\views\Category2Test2.vue">
          <metrics statements="6" coveredstatements="0" conditionals="0" coveredconditionals="0" methods="1" coveredmethods="0"/>
          <line num="7" count="0" type="stmt"/>
          <line num="10" count="0" type="stmt"/>
          <line num="13" count="0" type="stmt"/>
          <line num="14" count="0" type="stmt"/>
          <line num="19" count="0" type="stmt"/>
          <line num="21" count="0" type="stmt"/>
        </file>
      </package>
      <package name="echarts.tests.unit">
        <metrics statements="8" coveredstatements="0" conditionals="0" coveredconditionals="0" methods="1" coveredmethods="0"/>
        <file name=".eslintrc.js" path="C:\Users\yang\Documents\编程\workshop1——vue\echarts\tests\unit\.eslintrc.js">
          <metrics statements="1" coveredstatements="0" conditionals="0" coveredconditionals="0" methods="0" coveredmethods="0"/>
          <line num="1" count="0" type="stmt"/>
        </file>
        <file name="sidebar.test.js" path="C:\Users\yang\Documents\编程\workshop1——vue\echarts\tests\unit\sidebar.test.js">
          <metrics statements="7" coveredstatements="0" conditionals="0" coveredconditionals="0" methods="1" coveredmethods="0"/>
          <line num="1" count="0" type="stmt"/>
          <line num="4" count="0" type="stmt"/>
          <line num="6" count="0" type="stmt"/>
          <line num="8" count="0" type="stmt"/>
          <line num="10" count="0" type="stmt"/>
          <line num="16" count="0" type="stmt"/>
          <line num="17" count="0" type="stmt"/>
        </file>
      </package>
    </metrics>
  </project>
</coverage>
