{"/Users/zhouyang/Documents/oneview_fe/oneview_test/echarts/babel.config.js": {"path":"/Users/zhouyang/Documents/oneview_fe/oneview_test/echarts/babel.config.js","statementMap":{"0":{"start":{"line":1,"column":0},"end":{"line":null,"column":-1}}},"fnMap":{},"branchMap":{},"s":{"0":0},"f":{},"b":{}}
,"/Users/zhouyang/Documents/oneview_fe/oneview_test/echarts/jest.config.js": {"path":"/Users/zhouyang/Documents/oneview_fe/oneview_test/echarts/jest.config.js","statementMap":{"0":{"start":{"line":1,"column":0},"end":{"line":null,"column":-1}}},"fnMap":{},"branchMap":{},"s":{"0":0},"f":{},"b":{}}
,"/Users/zhouyang/Documents/oneview_fe/oneview_test/echarts/src/App.vue": {"path":"/Users/zhouyang/Documents/oneview_fe/oneview_test/echarts/src/App.vue","statementMap":{"0":{"start":{"line":13,"column":0},"end":{"line":null,"column":-1}},"1":{"start":{"line":14,"column":0},"end":{"line":null,"column":-1}},"2":{"start":{"line":15,"column":0},"end":{"line":null,"column":-1}},"3":{"start":{"line":25,"column":0},"end":{"line":null,"column":-1}},"4":{"start":{"line":33,"column":0},"end":{"line":39,"column":0}},"5":{"start":{"line":34,"column":0},"end":{"line":null,"column":-1}},"6":{"start":{"line":35,"column":0},"end":{"line":null,"column":-1}},"7":{"start":{"line":37,"column":0},"end":{"line":null,"column":-1}},"8":{"start":{"line":38,"column":0},"end":{"line":null,"column":-1}},"9":{"start":{"line":42,"column":0},"end":{"line":null,"column":-1}}},"fnMap":{},"branchMap":{"0":{"loc":{"start":{"line":33,"column":0},"end":{"line":39,"column":0}},"type":"if","locations":[{"start":{"line":33,"column":0},"end":{"line":39,"column":0}},{"start":{"line":33,"column":0},"end":{"line":39,"column":0}}]}},"s":{"0":1,"1":1,"2":1,"3":1,"4":0,"5":0,"6":0,"7":0,"8":0,"9":1},"f":{},"b":{"0":[0,0]}}
,"/Users/zhouyang/Documents/oneview_fe/oneview_test/echarts/src/main.js": {"path":"/Users/zhouyang/Documents/oneview_fe/oneview_test/echarts/src/main.js","statementMap":{"0":{"start":{"line":1,"column":0},"end":{"line":null,"column":-1}},"1":{"start":{"line":2,"column":0},"end":{"line":null,"column":-1}},"2":{"start":{"line":3,"column":0},"end":{"line":null,"column":-1}},"3":{"start":{"line":4,"column":0},"end":{"line":null,"column":-1}},"4":{"start":{"line":5,"column":0},"end":{"line":null,"column":-1}},"5":{"start":{"line":6,"column":0},"end":{"line":null,"column":-1}},"6":{"start":{"line":8,"column":0},"end":{"line":null,"column":-1}},"7":{"start":{"line":9,"column":0},"end":{"line":null,"column":-1}},"8":{"start":{"line":11,"column":0},"end":{"line":null,"column":-1}},"9":{"start":{"line":13,"column":15},"end":{"line":13,"column":16}}},"fnMap":{"0":{"name":"(anonymous_0)","decl":{"start":{"line":13,"column":10},"end":{"line":13,"column":11}},"loc":{"start":{"line":13,"column":15},"end":{"line":13,"column":16}}}},"branchMap":{},"s":{"0":0,"1":0,"2":0,"3":0,"4":0,"5":0,"6":0,"7":0,"8":0,"9":0},"f":{"0":0},"b":{}}
,"/Users/zhouyang/Documents/oneview_fe/oneview_test/echarts/src/components/Sidebar.vue": {"path":"/Users/zhouyang/Documents/oneview_fe/oneview_test/echarts/src/components/Sidebar.vue","statementMap":{"0":{"start":{"line":14,"column":0},"end":{"line":null,"column":-1}}},"fnMap":{},"branchMap":{},"s":{"0":0},"f":{},"b":{}}
,"/Users/zhouyang/Documents/oneview_fe/oneview_test/echarts/src/components/SidebarList.vue": {"path":"/Users/zhouyang/Documents/oneview_fe/oneview_test/echarts/src/components/SidebarList.vue","statementMap":{"0":{"start":{"line":37,"column":0},"end":{"line":null,"column":-1}}},"fnMap":{},"branchMap":{},"s":{"0":0},"f":{},"b":{}}
,"/Users/zhouyang/Documents/oneview_fe/oneview_test/echarts/src/components/Topbar.vue": {"path":"/Users/zhouyang/Documents/oneview_fe/oneview_test/echarts/src/components/Topbar.vue","statementMap":{"0":{"start":{"line":15,"column":0},"end":{"line":null,"column":-1}}},"fnMap":{},"branchMap":{},"s":{"0":1},"f":{},"b":{}}
,"/Users/zhouyang/Documents/oneview_fe/oneview_test/echarts/src/router/index.js": {"path":"/Users/zhouyang/Documents/oneview_fe/oneview_test/echarts/src/router/index.js","statementMap":{"0":{"start":{"line":1,"column":0},"end":{"line":null,"column":-1}},"1":{"start":{"line":2,"column":0},"end":{"line":null,"column":-1}},"2":{"start":{"line":3,"column":0},"end":{"line":null,"column":-1}},"3":{"start":{"line":4,"column":0},"end":{"line":null,"column":-1}},"4":{"start":{"line":5,"column":0},"end":{"line":null,"column":-1}},"5":{"start":{"line":6,"column":0},"end":{"line":null,"column":-1}},"6":{"start":{"line":7,"column":0},"end":{"line":null,"column":-1}},"7":{"start":{"line":8,"column":0},"end":{"line":null,"column":-1}},"8":{"start":{"line":10,"column":15},"end":{"line":10,"column":0}}},"fnMap":{},"branchMap":{},"s":{"0":0,"1":0,"2":0,"3":0,"4":0,"5":0,"6":0,"7":0,"8":0},"f":{},"b":{}}
,"/Users/zhouyang/Documents/oneview_fe/oneview_test/echarts/src/views/Category2Test1.vue": {"path":"/Users/zhouyang/Documents/oneview_fe/oneview_test/echarts/src/views/Category2Test1.vue","statementMap":{"0":{"start":{"line":7,"column":0},"end":{"line":null,"column":-1}},"1":{"start":{"line":10,"column":0},"end":{"line":null,"column":-1}},"2":{"start":{"line":12,"column":0},"end":{"line":null,"column":-1}},"3":{"start":{"line":13,"column":0},"end":{"line":null,"column":-1}},"4":{"start":{"line":14,"column":0},"end":{"line":null,"column":-1}},"5":{"start":{"line":15,"column":0},"end":{"line":null,"column":-1}},"6":{"start":{"line":20,"column":0},"end":{"line":null,"column":-1}},"7":{"start":{"line":22,"column":0},"end":{"line":null,"column":-1}},"8":{"start":{"line":23,"column":0},"end":{"line":null,"column":-1}},"9":{"start":{"line":24,"column":0},"end":{"line":null,"column":-1}},"10":{"start":{"line":26,"column":0},"end":{"line":null,"column":-1}},"11":{"start":{"line":28,"column":0},"end":{"line":32,"column":0}},"12":{"start":{"line":29,"column":0},"end":{"line":null,"column":-1}},"13":{"start":{"line":30,"column":0},"end":{"line":null,"column":-1}},"14":{"start":{"line":31,"column":0},"end":{"line":null,"column":-1}},"15":{"start":{"line":34,"column":0},"end":{"line":null,"column":-1}},"16":{"start":{"line":38,"column":0},"end":{"line":null,"column":-1}},"17":{"start":{"line":105,"column":0},"end":{"line":null,"column":-1}}},"fnMap":{"0":{"name":"(anonymous_1)","decl":{"start":{"line":18,"column":0},"end":{"line":null,"column":-1}},"loc":{"start":{"line":18,"column":0},"end":{"line":106,"column":0}}},"1":{"name":"(anonymous_2)","decl":{"start":{"line":37,"column":0},"end":{"line":null,"column":-1}},"loc":{"start":{"line":37,"column":0},"end":{"line":39,"column":0}}}},"branchMap":{},"s":{"0":0,"1":0,"2":0,"3":0,"4":0,"5":0,"6":0,"7":0,"8":0,"9":0,"10":0,"11":0,"12":0,"13":0,"14":0,"15":0,"16":0,"17":0},"f":{"0":0,"1":0},"b":{}}
,"/Users/zhouyang/Documents/oneview_fe/oneview_test/echarts/src/views/Category2Test2.vue": {"path":"/Users/zhouyang/Documents/oneview_fe/oneview_test/echarts/src/views/Category2Test2.vue","statementMap":{"0":{"start":{"line":7,"column":0},"end":{"line":null,"column":-1}},"1":{"start":{"line":10,"column":0},"end":{"line":null,"column":-1}},"2":{"start":{"line":13,"column":0},"end":{"line":null,"column":-1}},"3":{"start":{"line":14,"column":0},"end":{"line":null,"column":-1}},"4":{"start":{"line":19,"column":0},"end":{"line":null,"column":-1}},"5":{"start":{"line":21,"column":0},"end":{"line":null,"column":-1}}},"fnMap":{"0":{"name":"(anonymous_1)","decl":{"start":{"line":17,"column":0},"end":{"line":null,"column":-1}},"loc":{"start":{"line":17,"column":0},"end":{"line":39,"column":0}}}},"branchMap":{},"s":{"0":0,"1":0,"2":0,"3":0,"4":0,"5":0},"f":{"0":0},"b":{}}
,"/Users/zhouyang/Documents/oneview_fe/oneview_test/echarts/tests/unit/.eslintrc.js": {"path":"/Users/zhouyang/Documents/oneview_fe/oneview_test/echarts/tests/unit/.eslintrc.js","statementMap":{"0":{"start":{"line":1,"column":0},"end":{"line":null,"column":-1}}},"fnMap":{},"branchMap":{},"s":{"0":0},"f":{},"b":{}}
}
