TN:
SF:/Users/zhouyang/Documents/oneview_fe/oneview_test/echarts/babel.config.js
FNF:0
FNH:0
DA:1,0
LF:1
LH:0
BRF:0
BRH:0
end_of_record
TN:
SF:/Users/zhouyang/Documents/oneview_fe/oneview_test/echarts/jest.config.js
FNF:0
FNH:0
DA:1,0
LF:1
LH:0
BRF:0
BRH:0
end_of_record
TN:
SF:/Users/zhouyang/Documents/oneview_fe/oneview_test/echarts/src/App.vue
FNF:0
FNH:0
DA:13,1
DA:14,1
DA:15,1
DA:25,1
DA:33,0
DA:34,0
DA:35,0
DA:37,0
DA:38,0
DA:42,1
LF:10
LH:5
BRDA:33,0,0,0
BRDA:33,0,1,0
BRF:2
BRH:0
end_of_record
TN:
SF:/Users/zhouyang/Documents/oneview_fe/oneview_test/echarts/src/main.js
FN:13,(anonymous_0)
FNF:1
FNH:0
FNDA:0,(anonymous_0)
DA:1,0
DA:2,0
DA:3,0
DA:4,0
DA:5,0
DA:6,0
DA:8,0
DA:9,0
DA:11,0
DA:13,0
LF:10
LH:0
BRF:0
BRH:0
end_of_record
TN:
SF:/Users/zhouyang/Documents/oneview_fe/oneview_test/echarts/src/components/Sidebar.vue
FNF:0
FNH:0
DA:14,0
LF:1
LH:0
BRF:0
BRH:0
end_of_record
TN:
SF:/Users/zhouyang/Documents/oneview_fe/oneview_test/echarts/src/components/SidebarList.vue
FNF:0
FNH:0
DA:37,0
LF:1
LH:0
BRF:0
BRH:0
end_of_record
TN:
SF:/Users/zhouyang/Documents/oneview_fe/oneview_test/echarts/src/components/Topbar.vue
FNF:0
FNH:0
DA:15,1
LF:1
LH:1
BRF:0
BRH:0
end_of_record
TN:
SF:/Users/zhouyang/Documents/oneview_fe/oneview_test/echarts/src/router/index.js
FNF:0
FNH:0
DA:1,0
DA:2,0
DA:3,0
DA:4,0
DA:5,0
DA:6,0
DA:7,0
DA:8,0
DA:10,0
LF:9
LH:0
BRF:0
BRH:0
end_of_record
TN:
SF:/Users/zhouyang/Documents/oneview_fe/oneview_test/echarts/src/views/Category2Test1.vue
FN:18,(anonymous_1)
FN:37,(anonymous_2)
FNF:2
FNH:0
FNDA:0,(anonymous_1)
FNDA:0,(anonymous_2)
DA:7,0
DA:10,0
DA:12,0
DA:13,0
DA:14,0
DA:15,0
DA:20,0
DA:22,0
DA:23,0
DA:24,0
DA:26,0
DA:28,0
DA:29,0
DA:30,0
DA:31,0
DA:34,0
DA:38,0
DA:105,0
LF:18
LH:0
BRF:0
BRH:0
end_of_record
TN:
SF:/Users/zhouyang/Documents/oneview_fe/oneview_test/echarts/src/views/Category2Test2.vue
FN:17,(anonymous_1)
FNF:1
FNH:0
FNDA:0,(anonymous_1)
DA:7,0
DA:10,0
DA:13,0
DA:14,0
DA:19,0
DA:21,0
LF:6
LH:0
BRF:0
BRH:0
end_of_record
TN:
SF:/Users/zhouyang/Documents/oneview_fe/oneview_test/echarts/tests/unit/.eslintrc.js
FNF:0
FNH:0
DA:1,0
LF:1
LH:0
BRF:0
BRH:0
end_of_record
